<!DOCTYPE html PUBLIC "-//W3C//DTD XHTML 1.1//EN" "https://www.w3.org/TR/xhtml11/DTD/xhtml11.dtd">
<html xmlns="https://www.w3.org/1999/xhtml">
<head>
<meta http-equiv="content-type" content="text/html; charset=UTF-8"/>
<title>TestNG Report</title>
<style type="text/css">table {margin-bottom:10px;border-collapse:collapse;empty-cells:show}th,td {border:1px solid #009;padding:.25em .5em}th {vertical-align:bottom}td {vertical-align:top}table a {font-weight:bold}.stripe td {background-color: #E6EBF9}.num {text-align:right}.passedodd td {background-color: #3F3}.passedeven td {background-color: #0A0}.skippedodd td {background-color: #DDD}.skippedeven td {background-color: #CCC}.failedodd td,.attn {background-color: #F33}.failedeven td,.stripe .attn {background-color: #D00}.stacktrace {white-space:pre;font-family:monospace}.totop {font-size:85%;text-align:center;border-bottom:2px solid #000}.invisible {display:none}</style>
</head>
<body>
<table>
<tr><th>Test</th><th># Passed</th><th># Skipped</th><th># Retried</th><th># Failed</th><th>Time (ms)</th><th>Included Groups</th><th>Excluded Groups</th></tr>
<tr><th colspan="8">Default suite</th></tr>
<tr><td><a href="#t0">Default test</a></td><td class="num">30</td><td class="num">0</td><td class="num">0</td><td class="num attn">3</td><td class="num">698,355</td><td></td><td></td></tr>
</table>
<table id='summary'><thead><tr><th>Class</th><th>Method</th><th>Start</th><th>Time (ms)</th></tr></thead><tbody><tr><th colspan="4">Default suite</th></tr></tbody><tbody id="t0"><tr><th colspan="4">Default test &#8212; failed</th></tr><tr class="failedeven"><td rowspan="3">Master.ConnectExecution</td><td><a href="#m0">DistCreditScore</a></td><td rowspan="1">1613734325037</td><td rowspan="1">86</td></tr><tr class="failedeven"><td><a href="#m1">DistributorCreditHistory_IndustryAverage</a></td><td rowspan="1">1613734325766</td><td rowspan="1">90</td></tr><tr class="failedeven"><td><a href="#m2">Single_Transaction_Paid</a></td><td rowspan="1">1613734327269</td><td rowspan="1">158116</td></tr><tr><th colspan="4">Default test &#8212; passed</th></tr><tr class="passedeven"><td rowspan="30">Master.ConnectExecution</td><td><a href="#m3">AddDistFromPL</a></td><td rowspan="1">1613734136814</td><td rowspan="1">121981</td></tr><tr class="passedeven"><td><a href="#m4">AddandRemoveDistML</a></td><td rowspan="1">1613734266936</td><td rowspan="1">9092</td></tr><tr class="passedeven"><td><a href="#m5">AdvancedSearchCustomerTypeDropDownResult</a></td><td rowspan="1">1613734303551</td><td rowspan="1">2736</td></tr><tr class="passedeven"><td><a href="#m6">AdvancedSearchPayHabiToDropDownResult</a></td><td rowspan="1">1613734308447</td><td rowspan="1">2038</td></tr><tr class="passedeven"><td><a href="#m7">AdvancedSearchPayHabitFromDropDownResult</a></td><td rowspan="1">1613734306322</td><td rowspan="1">2084</td></tr><tr class="passedeven"><td><a href="#m8">AdvancedSearchProductlineDropDownResult</a></td><td rowspan="1">1613734301248</td><td rowspan="1">2261</td></tr><tr class="passedeven"><td><a href="#m9">AdvancedSearchRangeDropDownResult</a></td><td rowspan="1">1613734299217</td><td rowspan="1">1991</td></tr><tr class="passedeven"><td><a href="#m10">AdvancedSearchStateDropDownResult</a></td><td rowspan="1">1613734297120</td><td rowspan="1">2048</td></tr><tr class="passedeven"><td><a href="#m11">AdvancedSearchViewDaysDropDownResult</a></td><td rowspan="1">1613734310523</td><td rowspan="1">2021</td></tr><tr class="passedeven"><td><a href="#m12">Advanced_SearchResult</a></td><td rowspan="1">1613734292524</td><td rowspan="1">4539</td></tr><tr class="passedeven"><td><a href="#m13">AveragePayingHabit_ReportsWithPurchases</a></td><td rowspan="1">1613734326103</td><td rowspan="1">403</td></tr><tr class="passedeven"><td><a href="#m14">AveragePayingHabit_TransactionWithPurchases</a></td><td rowspan="1">1613734326539</td><td rowspan="1">338</td></tr><tr class="passedeven"><td><a href="#m15">AveragePayingHabit_Volumn</a></td><td rowspan="1">1613734326910</td><td rowspan="1">319</td></tr><tr class="passedeven"><td><a href="#m16">BasicSearchCompany</a></td><td rowspan="1">1613734289098</td><td rowspan="1">3390</td></tr><tr class="passedeven"><td><a href="#m17">BasicSearchDistributor</a></td><td rowspan="1">1613734276075</td><td rowspan="1">12957</td></tr><tr class="passedeven"><td><a href="#m18">ConnectLoginApp</a></td><td rowspan="1">1613733964165</td><td rowspan="1">25111</td></tr><tr class="passedeven"><td><a href="#m19">DistCreditHistoryCurrent6months</a></td><td rowspan="1">1613734325188</td><td rowspan="1">152</td></tr><tr class="passedeven"><td><a href="#m20">DistCreditHistoryPre6months</a></td><td rowspan="1">1613734325391</td><td rowspan="1">342</td></tr><tr class="passedeven"><td><a href="#m21">DistributorCreditHistory_GeneralCredit</a></td><td rowspan="1">1613734325908</td><td rowspan="1">150</td></tr><tr class="passedeven"><td><a href="#m22">Distributor_Profile</a></td><td rowspan="1">1613734312596</td><td rowspan="1">12387</td></tr><tr class="passedeven"><td><a href="#m23">Monitor_List</a></td><td rowspan="1">1613734259316</td><td rowspan="1">7568</td></tr><tr class="passedeven"><td><a href="#m24">ProspectListvalidation</a></td><td rowspan="1">1613734129126</td><td rowspan="1">7615</td></tr><tr class="passedeven"><td><a href="#m25">Remove_CreditCard</a></td><td rowspan="1">1613734084915</td><td rowspan="1">5202</td></tr><tr class="passedeven"><td><a href="#m26">Remove_DistFromPL</a></td><td rowspan="1">1613734258837</td><td rowspan="1">418</td></tr><tr class="passedeven"><td><a href="#m27">SingleTransactionCollection</a></td><td rowspan="1">1613734485433</td><td rowspan="1">53189</td></tr><tr class="passedeven"><td><a href="#m28">SingleTransactionPastDue</a></td><td rowspan="1">1613734583809</td><td rowspan="1">44072</td></tr><tr class="passedeven"><td><a href="#m29">SingleTransactionWriteOff</a></td><td rowspan="1">1613734538670</td><td rowspan="1">45100</td></tr><tr class="passedeven"><td><a href="#m30">TransactionExistingCard</a></td><td rowspan="1">1613734090180</td><td rowspan="1">38889</td></tr><tr class="passedeven"><td><a href="#m31">TransactionNewCard</a></td><td rowspan="1">1613733989854</td><td rowspan="1">58719</td></tr><tr class="passedeven"><td><a href="#m32">Transactionsavecardverification</a></td><td rowspan="1">1613734048632</td><td rowspan="1">36215</td></tr></tbody>
</table>
<h2>Default test</h2><h3 id="m0">Master.ConnectExecution#DistCreditScore</h3><table class="result"><tr><th>Exception</th></tr><tr><td><div class="stacktrace">java.lang.AssertionError: expected [true] but found [false]
	at org.testng.Assert.fail(Assert.java:99)
	at org.testng.Assert.failNotEquals(Assert.java:1037)
	at org.testng.Assert.assertTrue(Assert.java:45)
	at org.testng.Assert.assertTrue(Assert.java:55)
	at Master.ConnectScenarios.Dist_CreditScore(ConnectScenarios.java:611)
	at Master.ConnectExecution.DistCreditScore(ConnectExecution.java:158)
	at java.base/jdk.internal.reflect.NativeMethodAccessorImpl.invoke0(Native Method)
	at java.base/jdk.internal.reflect.NativeMethodAccessorImpl.invoke(NativeMethodAccessorImpl.java:64)
	at java.base/jdk.internal.reflect.DelegatingMethodAccessorImpl.invoke(DelegatingMethodAccessorImpl.java:43)
	at java.base/java.lang.reflect.Method.invoke(Method.java:564)
	at org.testng.internal.MethodInvocationHelper.invokeMethod(MethodInvocationHelper.java:132)
	at org.testng.internal.TestInvoker.invokeMethod(TestInvoker.java:599)
	at org.testng.internal.TestInvoker.invokeTestMethod(TestInvoker.java:174)
	at org.testng.internal.MethodRunner.runInSequence(MethodRunner.java:46)
	at org.testng.internal.TestInvoker$MethodInvocationAgent.invoke(TestInvoker.java:822)
	at org.testng.internal.TestInvoker.invokeTestMethods(TestInvoker.java:147)
	at org.testng.internal.TestMethodWorker.invokeTestMethods(TestMethodWorker.java:146)
	at org.testng.internal.TestMethodWorker.run(TestMethodWorker.java:128)
	at java.base/java.util.ArrayList.forEach(ArrayList.java:1511)
	at org.testng.TestRunner.privateRun(TestRunner.java:764)
	at org.testng.TestRunner.run(TestRunner.java:585)
	at org.testng.SuiteRunner.runTest(SuiteRunner.java:384)
	at org.testng.SuiteRunner.runSequentially(SuiteRunner.java:378)
	at org.testng.SuiteRunner.privateRun(SuiteRunner.java:337)
	at org.testng.SuiteRunner.run(SuiteRunner.java:286)
	at org.testng.SuiteRunnerWorker.runSuite(SuiteRunnerWorker.java:53)
	at org.testng.SuiteRunnerWorker.run(SuiteRunnerWorker.java:96)
	at org.testng.TestNG.runSuitesSequentially(TestNG.java:1218)
	at org.testng.TestNG.runSuitesLocally(TestNG.java:1140)
	at org.testng.TestNG.runSuites(TestNG.java:1069)
	at org.testng.TestNG.run(TestNG.java:1037)
	at org.testng.remote.AbstractRemoteTestNG.run(AbstractRemoteTestNG.java:115)
	at org.testng.remote.RemoteTestNG.initAndRun(RemoteTestNG.java:251)
	at org.testng.remote.RemoteTestNG.main(RemoteTestNG.java:77)
</div></td></tr></table><p class="totop"><a href="#summary">back to summary</a></p>
<h3 id="m1">Master.ConnectExecution#DistributorCreditHistory_IndustryAverage</h3><table class="result"><tr><th>Exception</th></tr><tr><td><div class="stacktrace">java.lang.NumberFormatException: For input string: &quot;&quot;
	at java.base/java.lang.NumberFormatException.forInputString(NumberFormatException.java:68)
	at java.base/java.lang.Integer.parseInt(Integer.java:662)
	at java.base/java.lang.Integer.parseInt(Integer.java:770)
	at Master.ConnectScenarios.DistCreditHistory_IndustryAverage(ConnectScenarios.java:692)
	at Master.ConnectExecution.DistributorCreditHistory_IndustryAverage(ConnectExecution.java:174)
	at java.base/jdk.internal.reflect.NativeMethodAccessorImpl.invoke0(Native Method)
	at java.base/jdk.internal.reflect.NativeMethodAccessorImpl.invoke(NativeMethodAccessorImpl.java:64)
	at java.base/jdk.internal.reflect.DelegatingMethodAccessorImpl.invoke(DelegatingMethodAccessorImpl.java:43)
	at java.base/java.lang.reflect.Method.invoke(Method.java:564)
	at org.testng.internal.MethodInvocationHelper.invokeMethod(MethodInvocationHelper.java:132)
	at org.testng.internal.TestInvoker.invokeMethod(TestInvoker.java:599)
	at org.testng.internal.TestInvoker.invokeTestMethod(TestInvoker.java:174)
	at org.testng.internal.MethodRunner.runInSequence(MethodRunner.java:46)
	at org.testng.internal.TestInvoker$MethodInvocationAgent.invoke(TestInvoker.java:822)
	at org.testng.internal.TestInvoker.invokeTestMethods(TestInvoker.java:147)
	at org.testng.internal.TestMethodWorker.invokeTestMethods(TestMethodWorker.java:146)
	at org.testng.internal.TestMethodWorker.run(TestMethodWorker.java:128)
	at java.base/java.util.ArrayList.forEach(ArrayList.java:1511)
	at org.testng.TestRunner.privateRun(TestRunner.java:764)
	at org.testng.TestRunner.run(TestRunner.java:585)
	at org.testng.SuiteRunner.runTest(SuiteRunner.java:384)
	at org.testng.SuiteRunner.runSequentially(SuiteRunner.java:378)
	at org.testng.SuiteRunner.privateRun(SuiteRunner.java:337)
	at org.testng.SuiteRunner.run(SuiteRunner.java:286)
	at org.testng.SuiteRunnerWorker.runSuite(SuiteRunnerWorker.java:53)
	at org.testng.SuiteRunnerWorker.run(SuiteRunnerWorker.java:96)
	at org.testng.TestNG.runSuitesSequentially(TestNG.java:1218)
	at org.testng.TestNG.runSuitesLocally(TestNG.java:1140)
	at org.testng.TestNG.runSuites(TestNG.java:1069)
	at org.testng.TestNG.run(TestNG.java:1037)
	at org.testng.remote.AbstractRemoteTestNG.run(AbstractRemoteTestNG.java:115)
	at org.testng.remote.RemoteTestNG.initAndRun(RemoteTestNG.java:251)
	at org.testng.remote.RemoteTestNG.main(RemoteTestNG.java:77)
</div></td></tr></table><p class="totop"><a href="#summary">back to summary</a></p>
<h3 id="m2">Master.ConnectExecution#Single_Transaction_Paid</h3><table class="result"><tr><th>Exception</th></tr><tr><td><div class="stacktrace">org.openqa.selenium.NoSuchElementException: no such element: Unable to locate element: {&quot;method&quot;:&quot;xpath&quot;,&quot;selector&quot;:&quot;//input[@onclick=&apos;SubmitPastDuePayment()&apos;]&quot;}
  (Session info: chrome=88.0.4324.182)
For documentation on this error, please visit: http://seleniumhq.org/exceptions/no_such_element.html
Build info: version: &apos;3.6.0&apos;, revision: &apos;6fbf3ec767&apos;, time: &apos;2017-09-27T15:28:36.4Z&apos;
System info: host: &apos;MACPK-WKS-0135&apos;, ip: &apos;192.168.8.100&apos;, os.name: &apos;Windows 10&apos;, os.arch: &apos;amd64&apos;, os.version: &apos;10.0&apos;, java.version: &apos;15.0.1&apos;
Driver info: org.openqa.selenium.chrome.ChromeDriver
Capabilities [{networkConnectionEnabled=false, chrome={chromedriverVersion=88.0.4324.96 (68dba2d8a0b149a1d3afac56fa74648032bcf46b-refs/branch-heads/4324@{#1784}), userDataDir=C:\Users\BAKHTA~1.NAZ\AppData\Local\Temp\scoped_dir16424_2058206047}, timeouts={implicit=0, pageLoad=300000, script=30000}, pageLoadStrategy=normal, unhandledPromptBehavior=dismiss and notify, strictFileInteractability=false, platform=WINDOWS, proxy=Proxy(), goog:chromeOptions={debuggerAddress=localhost:61995}, acceptInsecureCerts=false, browserVersion=88.0.4324.182, browserName=chrome, javascriptEnabled=true, platformName=WINDOWS, setWindowRect=true, webauthn:extension:largeBlob=true, webauthn:virtualAuthenticators=true}]
Session ID: 62f0f955d9f068fd42085d6c19d96ef0
*** Element info: {Using=xpath, value=//input[@onclick=&apos;SubmitPastDuePayment()&apos;]}
	at java.base/jdk.internal.reflect.NativeConstructorAccessorImpl.newInstance0(Native Method)
	at java.base/jdk.internal.reflect.NativeConstructorAccessorImpl.newInstance(NativeConstructorAccessorImpl.java:64)
	at java.base/jdk.internal.reflect.DelegatingConstructorAccessorImpl.newInstance(DelegatingConstructorAccessorImpl.java:45)
	at java.base/java.lang.reflect.Constructor.newInstanceWithCaller(Constructor.java:500)
	at java.base/java.lang.reflect.Constructor.newInstance(Constructor.java:481)
	at org.openqa.selenium.remote.http.W3CHttpResponseCodec.createException(W3CHttpResponseCodec.java:185)
	at org.openqa.selenium.remote.http.W3CHttpResponseCodec.decode(W3CHttpResponseCodec.java:120)
	at org.openqa.selenium.remote.http.W3CHttpResponseCodec.decode(W3CHttpResponseCodec.java:49)
	at org.openqa.selenium.remote.HttpCommandExecutor.execute(HttpCommandExecutor.java:164)
	at org.openqa.selenium.remote.service.DriverCommandExecutor.execute(DriverCommandExecutor.java:83)
	at org.openqa.selenium.remote.RemoteWebDriver.execute(RemoteWebDriver.java:586)
	at org.openqa.selenium.remote.RemoteWebDriver.findElement(RemoteWebDriver.java:356)
	at org.openqa.selenium.remote.RemoteWebDriver.findElementByXPath(RemoteWebDriver.java:458)
	at org.openqa.selenium.By$ByXPath.findElement(By.java:361)
	at org.openqa.selenium.remote.RemoteWebDriver.findElement(RemoteWebDriver.java:348)
	at Master.ConnectScenarios.SingleTransaction_Paid(ConnectScenarios.java:858)
	at Master.ConnectExecution.Single_Transaction_Paid(ConnectExecution.java:201)
	at java.base/jdk.internal.reflect.NativeMethodAccessorImpl.invoke0(Native Method)
	at java.base/jdk.internal.reflect.NativeMethodAccessorImpl.invoke(NativeMethodAccessorImpl.java:64)
	at java.base/jdk.internal.reflect.DelegatingMethodAccessorImpl.invoke(DelegatingMethodAccessorImpl.java:43)
	at java.base/java.lang.reflect.Method.invoke(Method.java:564)
	at org.testng.internal.MethodInvocationHelper.invokeMethod(MethodInvocationHelper.java:132)
	at org.testng.internal.TestInvoker.invokeMethod(TestInvoker.java:599)
	at org.testng.internal.TestInvoker.invokeTestMethod(TestInvoker.java:174)
	at org.testng.internal.MethodRunner.runInSequence(MethodRunner.java:46)
	at org.testng.internal.TestInvoker$MethodInvocationAgent.invoke(TestInvoker.java:822)
	at org.testng.internal.TestInvoker.invokeTestMethods(TestInvoker.java:147)
	at org.testng.internal.TestMethodWorker.invokeTestMethods(TestMethodWorker.java:146)
	at org.testng.internal.TestMethodWorker.run(TestMethodWorker.java:128)
	at java.base/java.util.ArrayList.forEach(ArrayList.java:1511)
	at org.testng.TestRunner.privateRun(TestRunner.java:764)
	at org.testng.TestRunner.run(TestRunner.java:585)
	at org.testng.SuiteRunner.runTest(SuiteRunner.java:384)
	at org.testng.SuiteRunner.runSequentially(SuiteRunner.java:378)
	at org.testng.SuiteRunner.privateRun(SuiteRunner.java:337)
	at org.testng.SuiteRunner.run(SuiteRunner.java:286)
	at org.testng.SuiteRunnerWorker.runSuite(SuiteRunnerWorker.java:53)
	at org.testng.SuiteRunnerWorker.run(SuiteRunnerWorker.java:96)
	at org.testng.TestNG.runSuitesSequentially(TestNG.java:1218)
	at org.testng.TestNG.runSuitesLocally(TestNG.java:1140)
	at org.testng.TestNG.runSuites(TestNG.java:1069)
	at org.testng.TestNG.run(TestNG.java:1037)
	at org.testng.remote.AbstractRemoteTestNG.run(AbstractRemoteTestNG.java:115)
	at org.testng.remote.RemoteTestNG.initAndRun(RemoteTestNG.java:251)
	at org.testng.remote.RemoteTestNG.main(RemoteTestNG.java:77)
</div></td></tr></table><p class="totop"><a href="#summary">back to summary</a></p>
<h3 id="m3">Master.ConnectExecution#AddDistFromPL</h3><table class="result"><tr><th class="invisible"/></tr></table><p class="totop"><a href="#summary">back to summary</a></p>
<h3 id="m4">Master.ConnectExecution#AddandRemoveDistML</h3><table class="result"><tr><th class="invisible"/></tr></table><p class="totop"><a href="#summary">back to summary</a></p>
<h3 id="m5">Master.ConnectExecution#AdvancedSearchCustomerTypeDropDownResult</h3><table class="result"><tr><th class="invisible"/></tr></table><p class="totop"><a href="#summary">back to summary</a></p>
<h3 id="m6">Master.ConnectExecution#AdvancedSearchPayHabiToDropDownResult</h3><table class="result"><tr><th class="invisible"/></tr></table><p class="totop"><a href="#summary">back to summary</a></p>
<h3 id="m7">Master.ConnectExecution#AdvancedSearchPayHabitFromDropDownResult</h3><table class="result"><tr><th class="invisible"/></tr></table><p class="totop"><a href="#summary">back to summary</a></p>
<h3 id="m8">Master.ConnectExecution#AdvancedSearchProductlineDropDownResult</h3><table class="result"><tr><th class="invisible"/></tr></table><p class="totop"><a href="#summary">back to summary</a></p>
<h3 id="m9">Master.ConnectExecution#AdvancedSearchRangeDropDownResult</h3><table class="result"><tr><th class="invisible"/></tr></table><p class="totop"><a href="#summary">back to summary</a></p>
<h3 id="m10">Master.ConnectExecution#AdvancedSearchStateDropDownResult</h3><table class="result"><tr><th class="invisible"/></tr></table><p class="totop"><a href="#summary">back to summary</a></p>
<h3 id="m11">Master.ConnectExecution#AdvancedSearchViewDaysDropDownResult</h3><table class="result"><tr><th class="invisible"/></tr></table><p class="totop"><a href="#summary">back to summary</a></p>
<h3 id="m12">Master.ConnectExecution#Advanced_SearchResult</h3><table class="result"><tr><th class="invisible"/></tr></table><p class="totop"><a href="#summary">back to summary</a></p>
<h3 id="m13">Master.ConnectExecution#AveragePayingHabit_ReportsWithPurchases</h3><table class="result"><tr><th class="invisible"/></tr></table><p class="totop"><a href="#summary">back to summary</a></p>
<h3 id="m14">Master.ConnectExecution#AveragePayingHabit_TransactionWithPurchases</h3><table class="result"><tr><th class="invisible"/></tr></table><p class="totop"><a href="#summary">back to summary</a></p>
<h3 id="m15">Master.ConnectExecution#AveragePayingHabit_Volumn</h3><table class="result"><tr><th class="invisible"/></tr></table><p class="totop"><a href="#summary">back to summary</a></p>
<h3 id="m16">Master.ConnectExecution#BasicSearchCompany</h3><table class="result"><tr><th class="invisible"/></tr></table><p class="totop"><a href="#summary">back to summary</a></p>
<h3 id="m17">Master.ConnectExecution#BasicSearchDistributor</h3><table class="result"><tr><th class="invisible"/></tr></table><p class="totop"><a href="#summary">back to summary</a></p>
<h3 id="m18">Master.ConnectExecution#ConnectLoginApp</h3><table class="result"><tr><th class="invisible"/></tr></table><p class="totop"><a href="#summary">back to summary</a></p>
<h3 id="m19">Master.ConnectExecution#DistCreditHistoryCurrent6months</h3><table class="result"><tr><th class="invisible"/></tr></table><p class="totop"><a href="#summary">back to summary</a></p>
<h3 id="m20">Master.ConnectExecution#DistCreditHistoryPre6months</h3><table class="result"><tr><th class="invisible"/></tr></table><p class="totop"><a href="#summary">back to summary</a></p>
<h3 id="m21">Master.ConnectExecution#DistributorCreditHistory_GeneralCredit</h3><table class="result"><tr><th class="invisible"/></tr></table><p class="totop"><a href="#summary">back to summary</a></p>
<h3 id="m22">Master.ConnectExecution#Distributor_Profile</h3><table class="result"><tr><th class="invisible"/></tr></table><p class="totop"><a href="#summary">back to summary</a></p>
<h3 id="m23">Master.ConnectExecution#Monitor_List</h3><table class="result"><tr><th class="invisible"/></tr></table><p class="totop"><a href="#summary">back to summary</a></p>
<h3 id="m24">Master.ConnectExecution#ProspectListvalidation</h3><table class="result"><tr><th class="invisible"/></tr></table><p class="totop"><a href="#summary">back to summary</a></p>
<h3 id="m25">Master.ConnectExecution#Remove_CreditCard</h3><table class="result"><tr><th class="invisible"/></tr></table><p class="totop"><a href="#summary">back to summary</a></p>
<h3 id="m26">Master.ConnectExecution#Remove_DistFromPL</h3><table class="result"><tr><th class="invisible"/></tr></table><p class="totop"><a href="#summary">back to summary</a></p>
<h3 id="m27">Master.ConnectExecution#SingleTransactionCollection</h3><table class="result"><tr><th class="invisible"/></tr></table><p class="totop"><a href="#summary">back to summary</a></p>
<h3 id="m28">Master.ConnectExecution#SingleTransactionPastDue</h3><table class="result"><tr><th class="invisible"/></tr></table><p class="totop"><a href="#summary">back to summary</a></p>
<h3 id="m29">Master.ConnectExecution#SingleTransactionWriteOff</h3><table class="result"><tr><th class="invisible"/></tr></table><p class="totop"><a href="#summary">back to summary</a></p>
<h3 id="m30">Master.ConnectExecution#TransactionExistingCard</h3><table class="result"><tr><th class="invisible"/></tr></table><p class="totop"><a href="#summary">back to summary</a></p>
<h3 id="m31">Master.ConnectExecution#TransactionNewCard</h3><table class="result"><tr><th class="invisible"/></tr></table><p class="totop"><a href="#summary">back to summary</a></p>
<h3 id="m32">Master.ConnectExecution#Transactionsavecardverification</h3><table class="result"><tr><th class="invisible"/></tr></table><p class="totop"><a href="#summary">back to summary</a></p>
</body>
</html>
