<?xml version="1.0" encoding="UTF-8"?>
<!-- Generated by org.testng.reporters.JUnitXMLReporter -->
<testsuite hostname="macpk-wks-0135" failures="0" tests="1" name="Default test" time="7.267" errors="0" timestamp="6 Feb 2021 11:36:21 GMT">
  <testcase classname="FMSolutions.ExecutionFile" name="@BeforeTest Startup" time="0.0">
    <failure type="org.openqa.selenium.SessionNotCreatedException" message="session not created: This version of ChromeDriver only supports Chrome version 89
Current browser version is 88.0.4324.150 with binary path C:\Program Files\Google\Chrome\Application\chrome.exe
Build info: version: &amp;apos;3.14.0&amp;apos;, revision: &amp;apos;aacccce0&amp;apos;, time: &amp;apos;2018-08-02T20:19:58.91Z&amp;apos;
System info: host: &amp;apos;MACPK-WKS-0135&amp;apos;, ip: &amp;apos;172.25.176.160&amp;apos;, os.name: &amp;apos;Windows 10&amp;apos;, os.arch: &amp;apos;amd64&amp;apos;, os.version: &amp;apos;10.0&amp;apos;, java.version: &amp;apos;15.0.1&amp;apos;
Driver info: driver.version: ChromeDriver
remote stacktrace: Backtrace:
	Ordinal0 [0x0082E7D3+124883]
	Ordinal0 [0x0082E7B1+124849]
	GetHandleVerifier [0x00A78688+193832]
	GetHandleVerifier [0x00A93AC5+305509]
	GetHandleVerifier [0x00A9021B+291003]
	GetHandleVerifier [0x00A8E0AC+282444]
	GetHandleVerifier [0x00AB4A90+440624]
	GetHandleVerifier [0x00AB47FC+439964]
	GetHandleVerifier [0x00AB154B+426987]
	GetHandleVerifier [0x00A94FFD+310941]
	GetHandleVerifier [0x00A95D8E+314414]
	GetHandleVerifier [0x00A95D19+314297]
	GetHandleVerifier [0x00B531EC+1089676]
	GetHandleVerifier [0x00B517C9+1082985]
	GetHandleVerifier [0x00B513A3+1081923]
	GetHandleVerifier [0x00C4D9FD+2115741]
	Ordinal0 [0x0097B82E+1488942]
	Ordinal0 [0x00915A7D+1071741]
	Ordinal0 [0x0091559B+1070491]
	Ordinal0 [0x009154B1+1070257]
	Ordinal0 [0x0094FF53+1310547]
	BaseThreadInitThunk [0x7564FA29+25]
	RtlGetAppContainerNamedObjectPath [0x775B75F4+228]
	RtlGetAppContainerNamedObjectPath [0x775B75C4+180]
">
      <![CDATA[org.openqa.selenium.SessionNotCreatedException: session not created: This version of ChromeDriver only supports Chrome version 89
Current browser version is 88.0.4324.150 with binary path C:\Program Files\Google\Chrome\Application\chrome.exe
Build info: version: '3.14.0', revision: 'aacccce0', time: '2018-08-02T20:19:58.91Z'
System info: host: 'MACPK-WKS-0135', ip: '172.25.176.160', os.name: 'Windows 10', os.arch: 'amd64', os.version: '10.0', java.version: '15.0.1'
Driver info: driver.version: ChromeDriver
remote stacktrace: Backtrace:
	Ordinal0 [0x0082E7D3+124883]
	Ordinal0 [0x0082E7B1+124849]
	GetHandleVerifier [0x00A78688+193832]
	GetHandleVerifier [0x00A93AC5+305509]
	GetHandleVerifier [0x00A9021B+291003]
	GetHandleVerifier [0x00A8E0AC+282444]
	GetHandleVerifier [0x00AB4A90+440624]
	GetHandleVerifier [0x00AB47FC+439964]
	GetHandleVerifier [0x00AB154B+426987]
	GetHandleVerifier [0x00A94FFD+310941]
	GetHandleVerifier [0x00A95D8E+314414]
	GetHandleVerifier [0x00A95D19+314297]
	GetHandleVerifier [0x00B531EC+1089676]
	GetHandleVerifier [0x00B517C9+1082985]
	GetHandleVerifier [0x00B513A3+1081923]
	GetHandleVerifier [0x00C4D9FD+2115741]
	Ordinal0 [0x0097B82E+1488942]
	Ordinal0 [0x00915A7D+1071741]
	Ordinal0 [0x0091559B+1070491]
	Ordinal0 [0x009154B1+1070257]
	Ordinal0 [0x0094FF53+1310547]
	BaseThreadInitThunk [0x7564FA29+25]
	RtlGetAppContainerNamedObjectPath [0x775B75F4+228]
	RtlGetAppContainerNamedObjectPath [0x775B75C4+180]

	at java.base/jdk.internal.reflect.NativeConstructorAccessorImpl.newInstance0(Native Method)
	at java.base/jdk.internal.reflect.NativeConstructorAccessorImpl.newInstance(NativeConstructorAccessorImpl.java:64)
	at java.base/jdk.internal.reflect.DelegatingConstructorAccessorImpl.newInstance(DelegatingConstructorAccessorImpl.java:45)
	at java.base/java.lang.reflect.Constructor.newInstanceWithCaller(Constructor.java:500)
	at java.base/java.lang.reflect.Constructor.newInstance(Constructor.java:481)
	at org.openqa.selenium.remote.W3CHandshakeResponse.lambda$new$0(W3CHandshakeResponse.java:57)
	at org.openqa.selenium.remote.W3CHandshakeResponse.lambda$getResponseFunction$2(W3CHandshakeResponse.java:104)
	at org.openqa.selenium.remote.ProtocolHandshake.lambda$createSession$0(ProtocolHandshake.java:122)
	at java.base/java.util.stream.ReferencePipeline$3$1.accept(ReferencePipeline.java:195)
	at java.base/java.util.Spliterators$ArraySpliterator.tryAdvance(Spliterators.java:958)
	at java.base/java.util.stream.ReferencePipeline.forEachWithCancel(ReferencePipeline.java:127)
	at java.base/java.util.stream.AbstractPipeline.copyIntoWithCancel(AbstractPipeline.java:502)
	at java.base/java.util.stream.AbstractPipeline.copyInto(AbstractPipeline.java:488)
	at java.base/java.util.stream.AbstractPipeline.wrapAndCopyInto(AbstractPipeline.java:474)
	at java.base/java.util.stream.FindOps$FindOp.evaluateSequential(FindOps.java:150)
	at java.base/java.util.stream.AbstractPipeline.evaluate(AbstractPipeline.java:234)
	at java.base/java.util.stream.ReferencePipeline.findFirst(ReferencePipeline.java:543)
	at org.openqa.selenium.remote.ProtocolHandshake.createSession(ProtocolHandshake.java:125)
	at org.openqa.selenium.remote.ProtocolHandshake.createSession(ProtocolHandshake.java:73)
	at org.openqa.selenium.remote.HttpCommandExecutor.execute(HttpCommandExecutor.java:136)
	at org.openqa.selenium.remote.service.DriverCommandExecutor.execute(DriverCommandExecutor.java:83)
	at org.openqa.selenium.remote.RemoteWebDriver.execute(RemoteWebDriver.java:548)
	at org.openqa.selenium.remote.RemoteWebDriver.startSession(RemoteWebDriver.java:212)
	at org.openqa.selenium.remote.RemoteWebDriver.<init>(RemoteWebDriver.java:130)
	at org.openqa.selenium.chrome.ChromeDriver.<init>(ChromeDriver.java:181)
	at org.openqa.selenium.chrome.ChromeDriver.<init>(ChromeDriver.java:168)
	at org.openqa.selenium.chrome.ChromeDriver.<init>(ChromeDriver.java:157)
	at FMSolutions.StartBrowser.StartupBrowser(StartBrowser.java:29)
	at FMSolutions.ExecutionFile.Startup(ExecutionFile.java:23)
	at java.base/jdk.internal.reflect.NativeMethodAccessorImpl.invoke0(Native Method)
	at java.base/jdk.internal.reflect.NativeMethodAccessorImpl.invoke(NativeMethodAccessorImpl.java:64)
	at java.base/jdk.internal.reflect.DelegatingMethodAccessorImpl.invoke(DelegatingMethodAccessorImpl.java:43)
	at java.base/java.lang.reflect.Method.invoke(Method.java:564)
	at org.testng.internal.MethodInvocationHelper.invokeMethod(MethodInvocationHelper.java:85)
	at org.testng.internal.Invoker.invokeConfigurationMethod(Invoker.java:552)
	at org.testng.internal.Invoker.invokeConfigurations(Invoker.java:215)
	at org.testng.internal.Invoker.invokeConfigurations(Invoker.java:140)
	at org.testng.TestRunner.beforeRun(TestRunner.java:641)
	at org.testng.TestRunner.run(TestRunner.java:609)
	at org.testng.SuiteRunner.runTest(SuiteRunner.java:348)
	at org.testng.SuiteRunner.runSequentially(SuiteRunner.java:343)
	at org.testng.SuiteRunner.privateRun(SuiteRunner.java:305)
	at org.testng.SuiteRunner.run(SuiteRunner.java:254)
	at org.testng.SuiteRunnerWorker.runSuite(SuiteRunnerWorker.java:52)
	at org.testng.SuiteRunnerWorker.run(SuiteRunnerWorker.java:86)
	at org.testng.TestNG.runSuitesSequentially(TestNG.java:1224)
	at org.testng.TestNG.runSuitesLocally(TestNG.java:1149)
	at org.testng.TestNG.run(TestNG.java:1057)
	at org.testng.remote.AbstractRemoteTestNG.run(AbstractRemoteTestNG.java:115)
	at org.testng.remote.RemoteTestNG.initAndRun(RemoteTestNG.java:251)
	at org.testng.remote.RemoteTestNG.main(RemoteTestNG.java:77)
]]>
    </failure>
  </testcase> <!-- @BeforeTest Startup -->
  <testcase classname="FMSolutions.ExecutionFile" name="@AfterTest teardown" time="0.0">
    <skipped/>
  </testcase> <!-- @AfterTest teardown -->
  <testcase classname="FMSolutions.ExecutionFile" name="Verify_SearchBook" time="0.002">
    <skipped/>
  </testcase> <!-- Verify_SearchBook -->
</testsuite> <!-- Default test -->
